  main.cpp
d:\users\jinhyeok\onedrive - 안양대학교\학교\aslab\4학년 1학기\인공지능\퍼셉트론\quiz1\quiz1\main.cpp(33): warning C4091: 'typedef ': 변수를 선언하지 않으면 'nueron_' 왼쪽은 무시됩니다.
d:\users\jinhyeok\onedrive - 안양대학교\학교\aslab\4학년 1학기\인공지능\퍼셉트론\quiz1\quiz1\main.cpp(114): warning C4244: '인수': 'time_t'에서 'unsigned int'(으)로 변환하면서 데이터가 손실될 수 있습니다.
d:\users\jinhyeok\onedrive - 안양대학교\학교\aslab\4학년 1학기\인공지능\퍼셉트론\quiz1\quiz1\main.cpp(116): warning C4305: '=': 'double'에서 'float'(으)로 잘립니다.
d:\users\jinhyeok\onedrive - 안양대학교\학교\aslab\4학년 1학기\인공지능\퍼셉트론\quiz1\quiz1\main.cpp(213): warning C4244: '=': 'int'에서 'float'(으)로 변환하면서 데이터가 손실될 수 있습니다.
d:\users\jinhyeok\onedrive - 안양대학교\학교\aslab\4학년 1학기\인공지능\퍼셉트론\quiz1\quiz1\main.cpp(280): warning C4244: '=': 'int'에서 'float'(으)로 변환하면서 데이터가 손실될 수 있습니다.
d:\users\jinhyeok\onedrive - 안양대학교\학교\aslab\4학년 1학기\인공지능\퍼셉트론\quiz1\quiz1\main.cpp(304): warning C4244: '=': 'double'에서 'float'(으)로 변환하면서 데이터가 손실될 수 있습니다.
d:\users\jinhyeok\onedrive - 안양대학교\학교\aslab\4학년 1학기\인공지능\퍼셉트론\quiz1\quiz1\main.cpp(152): warning C4996: 'strcpy': This function or variable may be unsafe. Consider using strcpy_s instead. To disable deprecation, use _CRT_SECURE_NO_WARNINGS. See online help for details.
  c:\program files (x86)\windows kits\10\include\10.0.10240.0\ucrt\string.h(119): note: 'strcpy' 선언을 참조하십시오.
d:\users\jinhyeok\onedrive - 안양대학교\학교\aslab\4학년 1학기\인공지능\퍼셉트론\quiz1\quiz1\main.cpp(155): warning C4996: 'strcpy': This function or variable may be unsafe. Consider using strcpy_s instead. To disable deprecation, use _CRT_SECURE_NO_WARNINGS. See online help for details.
  c:\program files (x86)\windows kits\10\include\10.0.10240.0\ucrt\string.h(119): note: 'strcpy' 선언을 참조하십시오.
d:\users\jinhyeok\onedrive - 안양대학교\학교\aslab\4학년 1학기\인공지능\퍼셉트론\quiz1\quiz1\main.cpp(158): warning C4996: 'strcpy': This function or variable may be unsafe. Consider using strcpy_s instead. To disable deprecation, use _CRT_SECURE_NO_WARNINGS. See online help for details.
  c:\program files (x86)\windows kits\10\include\10.0.10240.0\ucrt\string.h(119): note: 'strcpy' 선언을 참조하십시오.
d:\users\jinhyeok\onedrive - 안양대학교\학교\aslab\4학년 1학기\인공지능\퍼셉트론\quiz1\quiz1\main.cpp(160): warning C4996: 'itoa': The POSIX name for this item is deprecated. Instead, use the ISO C and C++ conformant name: _itoa. See online help for details.
  c:\program files (x86)\windows kits\10\include\10.0.10240.0\ucrt\stdlib.h(1316): note: 'itoa' 선언을 참조하십시오.
d:\users\jinhyeok\onedrive - 안양대학교\학교\aslab\4학년 1학기\인공지능\퍼셉트론\quiz1\quiz1\main.cpp(161): warning C4996: 'strcat': This function or variable may be unsafe. Consider using strcat_s instead. To disable deprecation, use _CRT_SECURE_NO_WARNINGS. See online help for details.
  c:\program files (x86)\windows kits\10\include\10.0.10240.0\ucrt\string.h(90): note: 'strcat' 선언을 참조하십시오.
d:\users\jinhyeok\onedrive - 안양대학교\학교\aslab\4학년 1학기\인공지능\퍼셉트론\quiz1\quiz1\main.cpp(162): warning C4996: 'strcat': This function or variable may be unsafe. Consider using strcat_s instead. To disable deprecation, use _CRT_SECURE_NO_WARNINGS. See online help for details.
  c:\program files (x86)\windows kits\10\include\10.0.10240.0\ucrt\string.h(90): note: 'strcat' 선언을 참조하십시오.
d:\users\jinhyeok\onedrive - 안양대학교\학교\aslab\4학년 1학기\인공지능\퍼셉트론\quiz1\quiz1\main.cpp(163): warning C4996: 'fopen': This function or variable may be unsafe. Consider using fopen_s instead. To disable deprecation, use _CRT_SECURE_NO_WARNINGS. See online help for details.
  c:\program files (x86)\windows kits\10\include\10.0.10240.0\ucrt\stdio.h(205): note: 'fopen' 선언을 참조하십시오.
d:\users\jinhyeok\onedrive - 안양대학교\학교\aslab\4학년 1학기\인공지능\퍼셉트론\quiz1\quiz1\main.cpp(166): warning C4996: 'strtok': This function or variable may be unsafe. Consider using strtok_s instead. To disable deprecation, use _CRT_SECURE_NO_WARNINGS. See online help for details.
  c:\program files (x86)\windows kits\10\include\10.0.10240.0\ucrt\string.h(453): note: 'strtok' 선언을 참조하십시오.
d:\users\jinhyeok\onedrive - 안양대학교\학교\aslab\4학년 1학기\인공지능\퍼셉트론\quiz1\quiz1\main.cpp(169): warning C4996: 'strtok': This function or variable may be unsafe. Consider using strtok_s instead. To disable deprecation, use _CRT_SECURE_NO_WARNINGS. See online help for details.
  c:\program files (x86)\windows kits\10\include\10.0.10240.0\ucrt\string.h(453): note: 'strtok' 선언을 참조하십시오.
d:\users\jinhyeok\onedrive - 안양대학교\학교\aslab\4학년 1학기\인공지능\퍼셉트론\quiz1\quiz1\main.cpp(178): warning C4996: 'strcpy': This function or variable may be unsafe. Consider using strcpy_s instead. To disable deprecation, use _CRT_SECURE_NO_WARNINGS. See online help for details.
  c:\program files (x86)\windows kits\10\include\10.0.10240.0\ucrt\string.h(119): note: 'strcpy' 선언을 참조하십시오.
d:\users\jinhyeok\onedrive - 안양대학교\학교\aslab\4학년 1학기\인공지능\퍼셉트론\quiz1\quiz1\main.cpp(181): warning C4996: 'strcpy': This function or variable may be unsafe. Consider using strcpy_s instead. To disable deprecation, use _CRT_SECURE_NO_WARNINGS. See online help for details.
  c:\program files (x86)\windows kits\10\include\10.0.10240.0\ucrt\string.h(119): note: 'strcpy' 선언을 참조하십시오.
d:\users\jinhyeok\onedrive - 안양대학교\학교\aslab\4학년 1학기\인공지능\퍼셉트론\quiz1\quiz1\main.cpp(184): warning C4996: 'strcpy': This function or variable may be unsafe. Consider using strcpy_s instead. To disable deprecation, use _CRT_SECURE_NO_WARNINGS. See online help for details.
  c:\program files (x86)\windows kits\10\include\10.0.10240.0\ucrt\string.h(119): note: 'strcpy' 선언을 참조하십시오.
d:\users\jinhyeok\onedrive - 안양대학교\학교\aslab\4학년 1학기\인공지능\퍼셉트론\quiz1\quiz1\main.cpp(186): warning C4996: 'itoa': The POSIX name for this item is deprecated. Instead, use the ISO C and C++ conformant name: _itoa. See online help for details.
  c:\program files (x86)\windows kits\10\include\10.0.10240.0\ucrt\stdlib.h(1316): note: 'itoa' 선언을 참조하십시오.
d:\users\jinhyeok\onedrive - 안양대학교\학교\aslab\4학년 1학기\인공지능\퍼셉트론\quiz1\quiz1\main.cpp(187): warning C4996: 'strcat': This function or variable may be unsafe. Consider using strcat_s instead. To disable deprecation, use _CRT_SECURE_NO_WARNINGS. See online help for details.
  c:\program files (x86)\windows kits\10\include\10.0.10240.0\ucrt\string.h(90): note: 'strcat' 선언을 참조하십시오.
d:\users\jinhyeok\onedrive - 안양대학교\학교\aslab\4학년 1학기\인공지능\퍼셉트론\quiz1\quiz1\main.cpp(188): warning C4996: 'strcat': This function or variable may be unsafe. Consider using strcat_s instead. To disable deprecation, use _CRT_SECURE_NO_WARNINGS. See online help for details.
  c:\program files (x86)\windows kits\10\include\10.0.10240.0\ucrt\string.h(90): note: 'strcat' 선언을 참조하십시오.
d:\users\jinhyeok\onedrive - 안양대학교\학교\aslab\4학년 1학기\인공지능\퍼셉트론\quiz1\quiz1\main.cpp(189): warning C4996: 'fopen': This function or variable may be unsafe. Consider using fopen_s instead. To disable deprecation, use _CRT_SECURE_NO_WARNINGS. See online help for details.
  c:\program files (x86)\windows kits\10\include\10.0.10240.0\ucrt\stdio.h(205): note: 'fopen' 선언을 참조하십시오.
d:\users\jinhyeok\onedrive - 안양대학교\학교\aslab\4학년 1학기\인공지능\퍼셉트론\quiz1\quiz1\main.cpp(192): warning C4996: 'strtok': This function or variable may be unsafe. Consider using strtok_s instead. To disable deprecation, use _CRT_SECURE_NO_WARNINGS. See online help for details.
  c:\program files (x86)\windows kits\10\include\10.0.10240.0\ucrt\string.h(453): note: 'strtok' 선언을 참조하십시오.
d:\users\jinhyeok\onedrive - 안양대학교\학교\aslab\4학년 1학기\인공지능\퍼셉트론\quiz1\quiz1\main.cpp(195): warning C4996: 'strtok': This function or variable may be unsafe. Consider using strtok_s instead. To disable deprecation, use _CRT_SECURE_NO_WARNINGS. See online help for details.
  c:\program files (x86)\windows kits\10\include\10.0.10240.0\ucrt\string.h(453): note: 'strtok' 선언을 참조하십시오.
d:\users\jinhyeok\onedrive - 안양대학교\학교\aslab\4학년 1학기\인공지능\퍼셉트론\quiz1\quiz1\main.cpp(101): warning C4101: 'target' :참조되지 않은 지역 변수입니다.
d:\users\jinhyeok\onedrive - 안양대학교\학교\aslab\4학년 1학기\인공지능\퍼셉트론\quiz1\quiz1\main.cpp(341): warning C4244: 'return': 'double'에서 'float'(으)로 변환하면서 데이터가 손실될 수 있습니다.
d:\users\jinhyeok\onedrive - 안양대학교\학교\aslab\4학년 1학기\인공지능\퍼셉트론\quiz1\quiz1\main.cpp(345): warning C4244: 'return': 'double'에서 'float'(으)로 변환하면서 데이터가 손실될 수 있습니다.
  LINK : D:\Users\Jinhyeok\OneDrive - 안양대학교\학교\ASLAB\4학년 1학기\인공지능\퍼셉트론\Quiz1\Debug\Quiz1.exe을(를) 찾을 수 없거나 마지막 증분 링크에 의해 빌드되지 않았습니다. 전체 링크를 수행하고 있습니다.
  Quiz1.vcxproj -> D:\Users\Jinhyeok\OneDrive - 안양대학교\학교\ASLAB\4학년 1학기\인공지능\퍼셉트론\Quiz1\Debug\Quiz1.exe
  Quiz1.vcxproj -> D:\Users\Jinhyeok\OneDrive - 안양대학교\학교\ASLAB\4학년 1학기\인공지능\퍼셉트론\Quiz1\Debug\Quiz1.pdb (Full PDB)
