  main.cpp
d:\users\jinhyeok\onedrive - 안양대학교\학교\aslab\4학년 1학기\인공지능\퍼셉트론\quiz2\multylayerperceptron_number\main.cpp(28): warning C4091: 'typedef ': 변수를 선언하지 않으면 'nueron_' 왼쪽은 무시됩니다.
d:\users\jinhyeok\onedrive - 안양대학교\학교\aslab\4학년 1학기\인공지능\퍼셉트론\quiz2\multylayerperceptron_number\main.cpp(69): warning C4305: '=': 'double'에서 'float'(으)로 잘립니다.
d:\users\jinhyeok\onedrive - 안양대학교\학교\aslab\4학년 1학기\인공지능\퍼셉트론\quiz2\multylayerperceptron_number\main.cpp(121): warning C4244: '=': 'int'에서 'float'(으)로 변환하면서 데이터가 손실될 수 있습니다.
d:\users\jinhyeok\onedrive - 안양대학교\학교\aslab\4학년 1학기\인공지능\퍼셉트론\quiz2\multylayerperceptron_number\main.cpp(146): warning C4244: '=': 'int'에서 'float'(으)로 변환하면서 데이터가 손실될 수 있습니다.
d:\users\jinhyeok\onedrive - 안양대학교\학교\aslab\4학년 1학기\인공지능\퍼셉트론\quiz2\multylayerperceptron_number\main.cpp(277): warning C4244: '=': 'double'에서 'float'(으)로 변환하면서 데이터가 손실될 수 있습니다.
d:\users\jinhyeok\onedrive - 안양대학교\학교\aslab\4학년 1학기\인공지능\퍼셉트론\quiz2\multylayerperceptron_number\main.cpp(108): warning C4996: 'strcpy': This function or variable may be unsafe. Consider using strcpy_s instead. To disable deprecation, use _CRT_SECURE_NO_WARNINGS. See online help for details.
  c:\program files (x86)\windows kits\10\include\10.0.10240.0\ucrt\string.h(119): note: 'strcpy' 선언을 참조하십시오.
d:\users\jinhyeok\onedrive - 안양대학교\학교\aslab\4학년 1학기\인공지능\퍼셉트론\quiz2\multylayerperceptron_number\main.cpp(109): warning C4996: 'itoa': The POSIX name for this item is deprecated. Instead, use the ISO C and C++ conformant name: _itoa. See online help for details.
  c:\program files (x86)\windows kits\10\include\10.0.10240.0\ucrt\stdlib.h(1316): note: 'itoa' 선언을 참조하십시오.
d:\users\jinhyeok\onedrive - 안양대학교\학교\aslab\4학년 1학기\인공지능\퍼셉트론\quiz2\multylayerperceptron_number\main.cpp(110): warning C4996: 'strcat': This function or variable may be unsafe. Consider using strcat_s instead. To disable deprecation, use _CRT_SECURE_NO_WARNINGS. See online help for details.
  c:\program files (x86)\windows kits\10\include\10.0.10240.0\ucrt\string.h(90): note: 'strcat' 선언을 참조하십시오.
d:\users\jinhyeok\onedrive - 안양대학교\학교\aslab\4학년 1학기\인공지능\퍼셉트론\quiz2\multylayerperceptron_number\main.cpp(111): warning C4996: 'strcat': This function or variable may be unsafe. Consider using strcat_s instead. To disable deprecation, use _CRT_SECURE_NO_WARNINGS. See online help for details.
  c:\program files (x86)\windows kits\10\include\10.0.10240.0\ucrt\string.h(90): note: 'strcat' 선언을 참조하십시오.
d:\users\jinhyeok\onedrive - 안양대학교\학교\aslab\4학년 1학기\인공지능\퍼셉트론\quiz2\multylayerperceptron_number\main.cpp(113): warning C4996: 'itoa': The POSIX name for this item is deprecated. Instead, use the ISO C and C++ conformant name: _itoa. See online help for details.
  c:\program files (x86)\windows kits\10\include\10.0.10240.0\ucrt\stdlib.h(1316): note: 'itoa' 선언을 참조하십시오.
d:\users\jinhyeok\onedrive - 안양대학교\학교\aslab\4학년 1학기\인공지능\퍼셉트론\quiz2\multylayerperceptron_number\main.cpp(114): warning C4996: 'strcat': This function or variable may be unsafe. Consider using strcat_s instead. To disable deprecation, use _CRT_SECURE_NO_WARNINGS. See online help for details.
  c:\program files (x86)\windows kits\10\include\10.0.10240.0\ucrt\string.h(90): note: 'strcat' 선언을 참조하십시오.
d:\users\jinhyeok\onedrive - 안양대학교\학교\aslab\4학년 1학기\인공지능\퍼셉트론\quiz2\multylayerperceptron_number\main.cpp(115): warning C4996: 'strcat': This function or variable may be unsafe. Consider using strcat_s instead. To disable deprecation, use _CRT_SECURE_NO_WARNINGS. See online help for details.
  c:\program files (x86)\windows kits\10\include\10.0.10240.0\ucrt\string.h(90): note: 'strcat' 선언을 참조하십시오.
d:\users\jinhyeok\onedrive - 안양대학교\학교\aslab\4학년 1학기\인공지능\퍼셉트론\quiz2\multylayerperceptron_number\main.cpp(116): warning C4996: 'fopen': This function or variable may be unsafe. Consider using fopen_s instead. To disable deprecation, use _CRT_SECURE_NO_WARNINGS. See online help for details.
  c:\program files (x86)\windows kits\10\include\10.0.10240.0\ucrt\stdio.h(205): note: 'fopen' 선언을 참조하십시오.
d:\users\jinhyeok\onedrive - 안양대학교\학교\aslab\4학년 1학기\인공지능\퍼셉트론\quiz2\multylayerperceptron_number\main.cpp(119): warning C4996: 'strtok': This function or variable may be unsafe. Consider using strtok_s instead. To disable deprecation, use _CRT_SECURE_NO_WARNINGS. See online help for details.
  c:\program files (x86)\windows kits\10\include\10.0.10240.0\ucrt\string.h(453): note: 'strtok' 선언을 참조하십시오.
d:\users\jinhyeok\onedrive - 안양대학교\학교\aslab\4학년 1학기\인공지능\퍼셉트론\quiz2\multylayerperceptron_number\main.cpp(122): warning C4996: 'strtok': This function or variable may be unsafe. Consider using strtok_s instead. To disable deprecation, use _CRT_SECURE_NO_WARNINGS. See online help for details.
  c:\program files (x86)\windows kits\10\include\10.0.10240.0\ucrt\string.h(453): note: 'strtok' 선언을 참조하십시오.
d:\users\jinhyeok\onedrive - 안양대학교\학교\aslab\4학년 1학기\인공지능\퍼셉트론\quiz2\multylayerperceptron_number\main.cpp(133): warning C4996: 'strcpy': This function or variable may be unsafe. Consider using strcpy_s instead. To disable deprecation, use _CRT_SECURE_NO_WARNINGS. See online help for details.
  c:\program files (x86)\windows kits\10\include\10.0.10240.0\ucrt\string.h(119): note: 'strcpy' 선언을 참조하십시오.
d:\users\jinhyeok\onedrive - 안양대학교\학교\aslab\4학년 1학기\인공지능\퍼셉트론\quiz2\multylayerperceptron_number\main.cpp(134): warning C4996: 'itoa': The POSIX name for this item is deprecated. Instead, use the ISO C and C++ conformant name: _itoa. See online help for details.
  c:\program files (x86)\windows kits\10\include\10.0.10240.0\ucrt\stdlib.h(1316): note: 'itoa' 선언을 참조하십시오.
d:\users\jinhyeok\onedrive - 안양대학교\학교\aslab\4학년 1학기\인공지능\퍼셉트론\quiz2\multylayerperceptron_number\main.cpp(135): warning C4996: 'strcat': This function or variable may be unsafe. Consider using strcat_s instead. To disable deprecation, use _CRT_SECURE_NO_WARNINGS. See online help for details.
  c:\program files (x86)\windows kits\10\include\10.0.10240.0\ucrt\string.h(90): note: 'strcat' 선언을 참조하십시오.
d:\users\jinhyeok\onedrive - 안양대학교\학교\aslab\4학년 1학기\인공지능\퍼셉트론\quiz2\multylayerperceptron_number\main.cpp(136): warning C4996: 'strcat': This function or variable may be unsafe. Consider using strcat_s instead. To disable deprecation, use _CRT_SECURE_NO_WARNINGS. See online help for details.
  c:\program files (x86)\windows kits\10\include\10.0.10240.0\ucrt\string.h(90): note: 'strcat' 선언을 참조하십시오.
d:\users\jinhyeok\onedrive - 안양대학교\학교\aslab\4학년 1학기\인공지능\퍼셉트론\quiz2\multylayerperceptron_number\main.cpp(138): warning C4996: 'itoa': The POSIX name for this item is deprecated. Instead, use the ISO C and C++ conformant name: _itoa. See online help for details.
  c:\program files (x86)\windows kits\10\include\10.0.10240.0\ucrt\stdlib.h(1316): note: 'itoa' 선언을 참조하십시오.
d:\users\jinhyeok\onedrive - 안양대학교\학교\aslab\4학년 1학기\인공지능\퍼셉트론\quiz2\multylayerperceptron_number\main.cpp(139): warning C4996: 'strcat': This function or variable may be unsafe. Consider using strcat_s instead. To disable deprecation, use _CRT_SECURE_NO_WARNINGS. See online help for details.
  c:\program files (x86)\windows kits\10\include\10.0.10240.0\ucrt\string.h(90): note: 'strcat' 선언을 참조하십시오.
d:\users\jinhyeok\onedrive - 안양대학교\학교\aslab\4학년 1학기\인공지능\퍼셉트론\quiz2\multylayerperceptron_number\main.cpp(140): warning C4996: 'strcat': This function or variable may be unsafe. Consider using strcat_s instead. To disable deprecation, use _CRT_SECURE_NO_WARNINGS. See online help for details.
  c:\program files (x86)\windows kits\10\include\10.0.10240.0\ucrt\string.h(90): note: 'strcat' 선언을 참조하십시오.
d:\users\jinhyeok\onedrive - 안양대학교\학교\aslab\4학년 1학기\인공지능\퍼셉트론\quiz2\multylayerperceptron_number\main.cpp(141): warning C4996: 'fopen': This function or variable may be unsafe. Consider using fopen_s instead. To disable deprecation, use _CRT_SECURE_NO_WARNINGS. See online help for details.
  c:\program files (x86)\windows kits\10\include\10.0.10240.0\ucrt\stdio.h(205): note: 'fopen' 선언을 참조하십시오.
d:\users\jinhyeok\onedrive - 안양대학교\학교\aslab\4학년 1학기\인공지능\퍼셉트론\quiz2\multylayerperceptron_number\main.cpp(144): warning C4996: 'strtok': This function or variable may be unsafe. Consider using strtok_s instead. To disable deprecation, use _CRT_SECURE_NO_WARNINGS. See online help for details.
  c:\program files (x86)\windows kits\10\include\10.0.10240.0\ucrt\string.h(453): note: 'strtok' 선언을 참조하십시오.
d:\users\jinhyeok\onedrive - 안양대학교\학교\aslab\4학년 1학기\인공지능\퍼셉트론\quiz2\multylayerperceptron_number\main.cpp(147): warning C4996: 'strtok': This function or variable may be unsafe. Consider using strtok_s instead. To disable deprecation, use _CRT_SECURE_NO_WARNINGS. See online help for details.
  c:\program files (x86)\windows kits\10\include\10.0.10240.0\ucrt\string.h(453): note: 'strtok' 선언을 참조하십시오.
d:\users\jinhyeok\onedrive - 안양대학교\학교\aslab\4학년 1학기\인공지능\퍼셉트론\quiz2\multylayerperceptron_number\main.cpp(64): warning C4101: 'wfp' :참조되지 않은 지역 변수입니다.
d:\users\jinhyeok\onedrive - 안양대학교\학교\aslab\4학년 1학기\인공지능\퍼셉트론\quiz2\multylayerperceptron_number\main.cpp(53): warning C4101: 'target' :참조되지 않은 지역 변수입니다.
d:\users\jinhyeok\onedrive - 안양대학교\학교\aslab\4학년 1학기\인공지능\퍼셉트론\quiz2\multylayerperceptron_number\main.cpp(302): warning C4244: 'return': 'double'에서 'float'(으)로 변환하면서 데이터가 손실될 수 있습니다.
d:\users\jinhyeok\onedrive - 안양대학교\학교\aslab\4학년 1학기\인공지능\퍼셉트론\quiz2\multylayerperceptron_number\main.cpp(306): warning C4244: 'return': 'double'에서 'float'(으)로 변환하면서 데이터가 손실될 수 있습니다.
  LINK : D:\Users\Jinhyeok\OneDrive - 안양대학교\학교\ASLAB\4학년 1학기\인공지능\퍼셉트론\Quiz2\Debug\MultylayerPerceptron_NUMBER.exe을(를) 찾을 수 없거나 마지막 증분 링크에 의해 빌드되지 않았습니다. 전체 링크를 수행하고 있습니다.
  MultylayerPerceptron_NUMBER.vcxproj -> D:\Users\Jinhyeok\OneDrive - 안양대학교\학교\ASLAB\4학년 1학기\인공지능\퍼셉트론\Quiz2\Debug\MultylayerPerceptron_NUMBER.exe
  MultylayerPerceptron_NUMBER.vcxproj -> D:\Users\Jinhyeok\OneDrive - 안양대학교\학교\ASLAB\4학년 1학기\인공지능\퍼셉트론\Quiz2\Debug\MultylayerPerceptron_NUMBER.pdb (Full PDB)
