  main.cpp
c:\users\jinhyeok\onedrive - 안양대학교\학교\aslab\4학년 1학기\인공지능\퍼셉트론\multylayerperceptron_number\multylayerperceptron_number\main.cpp(24): warning C4091: 'typedef ': 변수를 선언하지 않으면 'nueron_' 왼쪽은 무시됩니다.
c:\users\jinhyeok\onedrive - 안양대학교\학교\aslab\4학년 1학기\인공지능\퍼셉트론\multylayerperceptron_number\multylayerperceptron_number\main.cpp(58): warning C4244: '인수': 'time_t'에서 'unsigned int'(으)로 변환하면서 데이터가 손실될 수 있습니다.
c:\users\jinhyeok\onedrive - 안양대학교\학교\aslab\4학년 1학기\인공지능\퍼셉트론\multylayerperceptron_number\multylayerperceptron_number\main.cpp(60): warning C4305: '=': 'double'에서 'float'(으)로 잘립니다.
c:\users\jinhyeok\onedrive - 안양대학교\학교\aslab\4학년 1학기\인공지능\퍼셉트론\multylayerperceptron_number\multylayerperceptron_number\main.cpp(157): warning C4244: '=': 'int'에서 'float'(으)로 변환하면서 데이터가 손실될 수 있습니다.
c:\users\jinhyeok\onedrive - 안양대학교\학교\aslab\4학년 1학기\인공지능\퍼셉트론\multylayerperceptron_number\multylayerperceptron_number\main.cpp(224): warning C4244: '=': 'int'에서 'float'(으)로 변환하면서 데이터가 손실될 수 있습니다.
c:\users\jinhyeok\onedrive - 안양대학교\학교\aslab\4학년 1학기\인공지능\퍼셉트론\multylayerperceptron_number\multylayerperceptron_number\main.cpp(248): warning C4244: '=': 'double'에서 'float'(으)로 변환하면서 데이터가 손실될 수 있습니다.
c:\users\jinhyeok\onedrive - 안양대학교\학교\aslab\4학년 1학기\인공지능\퍼셉트론\multylayerperceptron_number\multylayerperceptron_number\main.cpp(96): warning C4996: 'strcpy': This function or variable may be unsafe. Consider using strcpy_s instead. To disable deprecation, use _CRT_SECURE_NO_WARNINGS. See online help for details.
  c:\program files (x86)\windows kits\10\include\10.0.10240.0\ucrt\string.h(119): note: 'strcpy' 선언을 참조하십시오.
c:\users\jinhyeok\onedrive - 안양대학교\학교\aslab\4학년 1학기\인공지능\퍼셉트론\multylayerperceptron_number\multylayerperceptron_number\main.cpp(99): warning C4996: 'strcpy': This function or variable may be unsafe. Consider using strcpy_s instead. To disable deprecation, use _CRT_SECURE_NO_WARNINGS. See online help for details.
  c:\program files (x86)\windows kits\10\include\10.0.10240.0\ucrt\string.h(119): note: 'strcpy' 선언을 참조하십시오.
c:\users\jinhyeok\onedrive - 안양대학교\학교\aslab\4학년 1학기\인공지능\퍼셉트론\multylayerperceptron_number\multylayerperceptron_number\main.cpp(102): warning C4996: 'strcpy': This function or variable may be unsafe. Consider using strcpy_s instead. To disable deprecation, use _CRT_SECURE_NO_WARNINGS. See online help for details.
  c:\program files (x86)\windows kits\10\include\10.0.10240.0\ucrt\string.h(119): note: 'strcpy' 선언을 참조하십시오.
c:\users\jinhyeok\onedrive - 안양대학교\학교\aslab\4학년 1학기\인공지능\퍼셉트론\multylayerperceptron_number\multylayerperceptron_number\main.cpp(104): warning C4996: 'itoa': The POSIX name for this item is deprecated. Instead, use the ISO C and C++ conformant name: _itoa. See online help for details.
  c:\program files (x86)\windows kits\10\include\10.0.10240.0\ucrt\stdlib.h(1316): note: 'itoa' 선언을 참조하십시오.
c:\users\jinhyeok\onedrive - 안양대학교\학교\aslab\4학년 1학기\인공지능\퍼셉트론\multylayerperceptron_number\multylayerperceptron_number\main.cpp(105): warning C4996: 'strcat': This function or variable may be unsafe. Consider using strcat_s instead. To disable deprecation, use _CRT_SECURE_NO_WARNINGS. See online help for details.
  c:\program files (x86)\windows kits\10\include\10.0.10240.0\ucrt\string.h(90): note: 'strcat' 선언을 참조하십시오.
c:\users\jinhyeok\onedrive - 안양대학교\학교\aslab\4학년 1학기\인공지능\퍼셉트론\multylayerperceptron_number\multylayerperceptron_number\main.cpp(106): warning C4996: 'strcat': This function or variable may be unsafe. Consider using strcat_s instead. To disable deprecation, use _CRT_SECURE_NO_WARNINGS. See online help for details.
  c:\program files (x86)\windows kits\10\include\10.0.10240.0\ucrt\string.h(90): note: 'strcat' 선언을 참조하십시오.
c:\users\jinhyeok\onedrive - 안양대학교\학교\aslab\4학년 1학기\인공지능\퍼셉트론\multylayerperceptron_number\multylayerperceptron_number\main.cpp(107): warning C4996: 'fopen': This function or variable may be unsafe. Consider using fopen_s instead. To disable deprecation, use _CRT_SECURE_NO_WARNINGS. See online help for details.
  c:\program files (x86)\windows kits\10\include\10.0.10240.0\ucrt\stdio.h(205): note: 'fopen' 선언을 참조하십시오.
c:\users\jinhyeok\onedrive - 안양대학교\학교\aslab\4학년 1학기\인공지능\퍼셉트론\multylayerperceptron_number\multylayerperceptron_number\main.cpp(110): warning C4996: 'strtok': This function or variable may be unsafe. Consider using strtok_s instead. To disable deprecation, use _CRT_SECURE_NO_WARNINGS. See online help for details.
  c:\program files (x86)\windows kits\10\include\10.0.10240.0\ucrt\string.h(453): note: 'strtok' 선언을 참조하십시오.
c:\users\jinhyeok\onedrive - 안양대학교\학교\aslab\4학년 1학기\인공지능\퍼셉트론\multylayerperceptron_number\multylayerperceptron_number\main.cpp(113): warning C4996: 'strtok': This function or variable may be unsafe. Consider using strtok_s instead. To disable deprecation, use _CRT_SECURE_NO_WARNINGS. See online help for details.
  c:\program files (x86)\windows kits\10\include\10.0.10240.0\ucrt\string.h(453): note: 'strtok' 선언을 참조하십시오.
c:\users\jinhyeok\onedrive - 안양대학교\학교\aslab\4학년 1학기\인공지능\퍼셉트론\multylayerperceptron_number\multylayerperceptron_number\main.cpp(122): warning C4996: 'strcpy': This function or variable may be unsafe. Consider using strcpy_s instead. To disable deprecation, use _CRT_SECURE_NO_WARNINGS. See online help for details.
  c:\program files (x86)\windows kits\10\include\10.0.10240.0\ucrt\string.h(119): note: 'strcpy' 선언을 참조하십시오.
c:\users\jinhyeok\onedrive - 안양대학교\학교\aslab\4학년 1학기\인공지능\퍼셉트론\multylayerperceptron_number\multylayerperceptron_number\main.cpp(125): warning C4996: 'strcpy': This function or variable may be unsafe. Consider using strcpy_s instead. To disable deprecation, use _CRT_SECURE_NO_WARNINGS. See online help for details.
  c:\program files (x86)\windows kits\10\include\10.0.10240.0\ucrt\string.h(119): note: 'strcpy' 선언을 참조하십시오.
c:\users\jinhyeok\onedrive - 안양대학교\학교\aslab\4학년 1학기\인공지능\퍼셉트론\multylayerperceptron_number\multylayerperceptron_number\main.cpp(128): warning C4996: 'strcpy': This function or variable may be unsafe. Consider using strcpy_s instead. To disable deprecation, use _CRT_SECURE_NO_WARNINGS. See online help for details.
  c:\program files (x86)\windows kits\10\include\10.0.10240.0\ucrt\string.h(119): note: 'strcpy' 선언을 참조하십시오.
c:\users\jinhyeok\onedrive - 안양대학교\학교\aslab\4학년 1학기\인공지능\퍼셉트론\multylayerperceptron_number\multylayerperceptron_number\main.cpp(130): warning C4996: 'itoa': The POSIX name for this item is deprecated. Instead, use the ISO C and C++ conformant name: _itoa. See online help for details.
  c:\program files (x86)\windows kits\10\include\10.0.10240.0\ucrt\stdlib.h(1316): note: 'itoa' 선언을 참조하십시오.
c:\users\jinhyeok\onedrive - 안양대학교\학교\aslab\4학년 1학기\인공지능\퍼셉트론\multylayerperceptron_number\multylayerperceptron_number\main.cpp(131): warning C4996: 'strcat': This function or variable may be unsafe. Consider using strcat_s instead. To disable deprecation, use _CRT_SECURE_NO_WARNINGS. See online help for details.
  c:\program files (x86)\windows kits\10\include\10.0.10240.0\ucrt\string.h(90): note: 'strcat' 선언을 참조하십시오.
c:\users\jinhyeok\onedrive - 안양대학교\학교\aslab\4학년 1학기\인공지능\퍼셉트론\multylayerperceptron_number\multylayerperceptron_number\main.cpp(132): warning C4996: 'strcat': This function or variable may be unsafe. Consider using strcat_s instead. To disable deprecation, use _CRT_SECURE_NO_WARNINGS. See online help for details.
  c:\program files (x86)\windows kits\10\include\10.0.10240.0\ucrt\string.h(90): note: 'strcat' 선언을 참조하십시오.
c:\users\jinhyeok\onedrive - 안양대학교\학교\aslab\4학년 1학기\인공지능\퍼셉트론\multylayerperceptron_number\multylayerperceptron_number\main.cpp(133): warning C4996: 'fopen': This function or variable may be unsafe. Consider using fopen_s instead. To disable deprecation, use _CRT_SECURE_NO_WARNINGS. See online help for details.
  c:\program files (x86)\windows kits\10\include\10.0.10240.0\ucrt\stdio.h(205): note: 'fopen' 선언을 참조하십시오.
c:\users\jinhyeok\onedrive - 안양대학교\학교\aslab\4학년 1학기\인공지능\퍼셉트론\multylayerperceptron_number\multylayerperceptron_number\main.cpp(136): warning C4996: 'strtok': This function or variable may be unsafe. Consider using strtok_s instead. To disable deprecation, use _CRT_SECURE_NO_WARNINGS. See online help for details.
  c:\program files (x86)\windows kits\10\include\10.0.10240.0\ucrt\string.h(453): note: 'strtok' 선언을 참조하십시오.
c:\users\jinhyeok\onedrive - 안양대학교\학교\aslab\4학년 1학기\인공지능\퍼셉트론\multylayerperceptron_number\multylayerperceptron_number\main.cpp(139): warning C4996: 'strtok': This function or variable may be unsafe. Consider using strtok_s instead. To disable deprecation, use _CRT_SECURE_NO_WARNINGS. See online help for details.
  c:\program files (x86)\windows kits\10\include\10.0.10240.0\ucrt\string.h(453): note: 'strtok' 선언을 참조하십시오.
c:\users\jinhyeok\onedrive - 안양대학교\학교\aslab\4학년 1학기\인공지능\퍼셉트론\multylayerperceptron_number\multylayerperceptron_number\main.cpp(46): warning C4101: 'target' :참조되지 않은 지역 변수입니다.
c:\users\jinhyeok\onedrive - 안양대학교\학교\aslab\4학년 1학기\인공지능\퍼셉트론\multylayerperceptron_number\multylayerperceptron_number\main.cpp(273): warning C4244: 'return': 'double'에서 'float'(으)로 변환하면서 데이터가 손실될 수 있습니다.
c:\users\jinhyeok\onedrive - 안양대학교\학교\aslab\4학년 1학기\인공지능\퍼셉트론\multylayerperceptron_number\multylayerperceptron_number\main.cpp(277): warning C4244: 'return': 'double'에서 'float'(으)로 변환하면서 데이터가 손실될 수 있습니다.
  MultylayerPerceptron_NUMBER.vcxproj -> C:\Users\Jinhyeok\OneDrive - 안양대학교\학교\ASLAB\4학년 1학기\인공지능\퍼셉트론\MultylayerPerceptron_NUMBER\Debug\MultylayerPerceptron_NUMBER.exe
  MultylayerPerceptron_NUMBER.vcxproj -> C:\Users\Jinhyeok\OneDrive - 안양대학교\학교\ASLAB\4학년 1학기\인공지능\퍼셉트론\MultylayerPerceptron_NUMBER\Debug\MultylayerPerceptron_NUMBER.pdb (Full PDB)
