빌드 시작: 2019-02-21 오후 1:30:17
     1>2 노드의 "C:\Users\Jinhyeok\OneDrive - 안양대학교\학교\ASLAB\3학년 1학기\Paint2010\Paint2010\Paint2010.vcxproj" 프로젝트(build 대상)입니다.
     1>InitializeBuildStatus:
         "AlwaysCreate"이(가) 지정되었기 때문에 "Debug\Paint2010.unsuccessfulbuild"을(를) 만들고 있습니다.
       ClCompile:
         모든 출력이 최신 상태입니다.
       ResourceCompile:
         모든 출력이 최신 상태입니다.
       ManifestResourceCompile:
         모든 출력이 최신 상태입니다.
       Link:
         모든 출력이 최신 상태입니다.
       Manifest:
         모든 출력이 최신 상태입니다.
       FinalizeBuildStatus:
         "Debug\Paint2010.unsuccessfulbuild" 파일을 삭제하고 있습니다.
         "Debug\Paint2010.lastbuildstate"에 연결(touching)하고 있습니다.
     1>"C:\Users\Jinhyeok\OneDrive - 안양대학교\학교\ASLAB\3학년 1학기\Paint2010\Paint2010\Paint2010.vcxproj" 프로젝트를 빌드했습니다(build 대상).

빌드했습니다.

경과 시간: 00:00:00.04
